--- 2026-06-07 20:41:19.330482 ---
To: testuser@example.com
Subject: Finelyt - Your Verification Code
Body:
Hi there,

Welcome to Finelyt! To complete your registration, please verify your email address.

Your verification code is: 123456

This code is valid for 15 minutes. If you did not sign up for Finelyt, please ignore this email.

Best regards,
The Finelyt Team

----------------------------------------
--- 2026-06-07 21:19:46.671651 ---
To: okay@gmail.com
Subject: Finelyt - Your Verification Code
Body:
Hi there,

Welcome to Finelyt! To complete your registration, please verify your email address.

Your verification code is: 848773

This code is valid for 15 minutes. If you did not sign up for Finelyt, please ignore this email.

Best regards,
The Finelyt Team

----------------------------------------
--- 2026-06-07 21:20:48.145342 ---
To: 202401026@dau.ac.in
Subject: Finelyt - Your Verification Code
Body:
Hi there,

Welcome to Finelyt! To complete your registration, please verify your email address.

Your verification code is: 262017

This code is valid for 15 minutes. If you did not sign up for Finelyt, please ignore this email.

Best regards,
The Finelyt Team

----------------------------------------
--- 2026-06-07 21:21:54.841269 ---
To: 202401026@dau.ac.in
Subject: Finelyt - Your Verification Code
Body:
Hi there,

Welcome to Finelyt! To complete your registration, please verify your email address.

Your verification code is: 613687

This code is valid for 15 minutes. If you did not sign up for Finelyt, please ignore this email.

Best regards,
The Finelyt Team

----------------------------------------
